The system is: Linux - 3.8.8-1-ARCH - x86_64
Compiling the C compiler identification source file "CMakeCCompilerId.c" succeeded.
Compiler: /usr/bin/cc 
Build flags: 
Id flags: 

The output was:
0


Compilation of the C compiler identification source "CMakeCCompilerId.c" produced "a.out"

The C compiler identification is GNU, found in "/home/smi/Desktop/InzInformatyka/DynamicGestures/build/CMakeFiles/2.8.10.2/CompilerIdC/a.out"

Compiling the CXX compiler identification source file "CMakeCXXCompilerId.cpp" succeeded.
Compiler: /usr/bin/c++ 
Build flags: 
Id flags: 

The output was:
0


Compilation of the CXX compiler identification source "CMakeCXXCompilerId.cpp" produced "a.out"

The CXX compiler identification is GNU, found in "/home/smi/Desktop/InzInformatyka/DynamicGestures/build/CMakeFiles/2.8.10.2/CompilerIdCXX/a.out"

Determining if the C compiler works passed with the following output:
Change Dir: /home/smi/Desktop/InzInformatyka/DynamicGestures/build/CMakeFiles/CMakeTmp

Run Build Command:/usr/bin/make "cmTryCompileExec1846155594/fast"
/usr/bin/make -f CMakeFiles/cmTryCompileExec1846155594.dir/build.make CMakeFiles/cmTryCompileExec1846155594.dir/build
make[1]: Wejście do katalogu `/home/smi/Desktop/InzInformatyka/DynamicGestures/build/CMakeFiles/CMakeTmp'
/usr/bin/cmake -E cmake_progress_report /home/smi/Desktop/InzInformatyka/DynamicGestures/build/CMakeFiles/CMakeTmp/CMakeFiles 1
Building C object CMakeFiles/cmTryCompileExec1846155594.dir/testCCompiler.c.o
/usr/bin/cc    -o CMakeFiles/cmTryCompileExec1846155594.dir/testCCompiler.c.o   -c /home/smi/Desktop/InzInformatyka/DynamicGestures/build/CMakeFiles/CMakeTmp/testCCompiler.c
Linking C executable cmTryCompileExec1846155594
/usr/bin/cmake -E cmake_link_script CMakeFiles/cmTryCompileExec1846155594.dir/link.txt --verbose=1
/usr/bin/cc         CMakeFiles/cmTryCompileExec1846155594.dir/testCCompiler.c.o  -o cmTryCompileExec1846155594 -rdynamic 
make[1]: Opuszczenie katalogu `/home/smi/Desktop/InzInformatyka/DynamicGestures/build/CMakeFiles/CMakeTmp'


Detecting C compiler ABI info compiled with the following output:
Change Dir: /home/smi/Desktop/InzInformatyka/DynamicGestures/build/CMakeFiles/CMakeTmp

Run Build Command:/usr/bin/make "cmTryCompileExec3420695520/fast"
/usr/bin/make -f CMakeFiles/cmTryCompileExec3420695520.dir/build.make CMakeFiles/cmTryCompileExec3420695520.dir/build
make[1]: Wejście do katalogu `/home/smi/Desktop/InzInformatyka/DynamicGestures/build/CMakeFiles/CMakeTmp'
/usr/bin/cmake -E cmake_progress_report /home/smi/Desktop/InzInformatyka/DynamicGestures/build/CMakeFiles/CMakeTmp/CMakeFiles 1
Building C object CMakeFiles/cmTryCompileExec3420695520.dir/CMakeCCompilerABI.c.o
/usr/bin/cc    -o CMakeFiles/cmTryCompileExec3420695520.dir/CMakeCCompilerABI.c.o   -c /usr/share/cmake-2.8/Modules/CMakeCCompilerABI.c
Linking C executable cmTryCompileExec3420695520
/usr/bin/cmake -E cmake_link_script CMakeFiles/cmTryCompileExec3420695520.dir/link.txt --verbose=1
/usr/bin/cc       -v CMakeFiles/cmTryCompileExec3420695520.dir/CMakeCCompilerABI.c.o  -o cmTryCompileExec3420695520 -rdynamic  
Using built-in specs.
COLLECT_GCC=/usr/bin/cc
COLLECT_LTO_WRAPPER=/usr/lib/gcc/x86_64-unknown-linux-gnu/4.8.1/lto-wrapper
Target: x86_64-unknown-linux-gnu
Configured with: /build/gcc/src/gcc-4.8.1/configure --prefix=/usr --libdir=/usr/lib --libexecdir=/usr/lib --mandir=/usr/share/man --infodir=/usr/share/info --with-bugurl=https://bugs.archlinux.org/ --enable-languages=c,c++,ada,fortran,go,lto,objc,obj-c++ --enable-shared --enable-threads=posix --with-system-zlib --enable-__cxa_atexit --disable-libunwind-exceptions --enable-clocale=gnu --disable-libstdcxx-pch --enable-gnu-unique-object --enable-linker-build-id --enable-cloog-backend=isl --disable-cloog-version-check --enable-lto --enable-gold --enable-ld=default --enable-plugin --with-plugin-ld=ld.gold --with-linker-hash-style=gnu --disable-install-libiberty --disable-multilib --disable-libssp --disable-werror --enable-checking=release
Thread model: posix
gcc version 4.8.1 (GCC) 
COMPILER_PATH=/usr/lib/gcc/x86_64-unknown-linux-gnu/4.8.1/:/usr/lib/gcc/x86_64-unknown-linux-gnu/4.8.1/:/usr/lib/gcc/x86_64-unknown-linux-gnu/:/usr/lib/gcc/x86_64-unknown-linux-gnu/4.8.1/:/usr/lib/gcc/x86_64-unknown-linux-gnu/
LIBRARY_PATH=/usr/lib/gcc/x86_64-unknown-linux-gnu/4.8.1/:/usr/lib/gcc/x86_64-unknown-linux-gnu/4.8.1/../../../../lib/:/lib/../lib/:/usr/lib/../lib/:/usr/lib/gcc/x86_64-unknown-linux-gnu/4.8.1/../../../:/lib/:/usr/lib/
COLLECT_GCC_OPTIONS='-v' '-o' 'cmTryCompileExec3420695520' '-rdynamic' '-mtune=generic' '-march=x86-64'
 /usr/lib/gcc/x86_64-unknown-linux-gnu/4.8.1/collect2 --build-id --eh-frame-hdr --hash-style=gnu -m elf_x86_64 -export-dynamic -dynamic-linker /lib64/ld-linux-x86-64.so.2 -o cmTryCompileExec3420695520 /usr/lib/gcc/x86_64-unknown-linux-gnu/4.8.1/../../../../lib/crt1.o /usr/lib/gcc/x86_64-unknown-linux-gnu/4.8.1/../../../../lib/crti.o /usr/lib/gcc/x86_64-unknown-linux-gnu/4.8.1/crtbegin.o -L/usr/lib/gcc/x86_64-unknown-linux-gnu/4.8.1 -L/usr/lib/gcc/x86_64-unknown-linux-gnu/4.8.1/../../../../lib -L/lib/../lib -L/usr/lib/../lib -L/usr/lib/gcc/x86_64-unknown-linux-gnu/4.8.1/../../.. CMakeFiles/cmTryCompileExec3420695520.dir/CMakeCCompilerABI.c.o -lgcc --as-needed -lgcc_s --no-as-needed -lc -lgcc --as-needed -lgcc_s --no-as-needed /usr/lib/gcc/x86_64-unknown-linux-gnu/4.8.1/crtend.o /usr/lib/gcc/x86_64-unknown-linux-gnu/4.8.1/../../../../lib/crtn.o
make[1]: Opuszczenie katalogu `/home/smi/Desktop/InzInformatyka/DynamicGestures/build/CMakeFiles/CMakeTmp'


Parsed C implicit link information from above output:
  link line regex: [^( *|.*[/\])(ld|ld|collect2)[^/\]*( |$)]
  ignore line: [Change Dir: /home/smi/Desktop/InzInformatyka/DynamicGestures/build/CMakeFiles/CMakeTmp]
  ignore line: []
  ignore line: [Run Build Command:/usr/bin/make "cmTryCompileExec3420695520/fast"]
  ignore line: [/usr/bin/make -f CMakeFiles/cmTryCompileExec3420695520.dir/build.make CMakeFiles/cmTryCompileExec3420695520.dir/build]
  ignore line: [make[1]: Wejście do katalogu `/home/smi/Desktop/InzInformatyka/DynamicGestures/build/CMakeFiles/CMakeTmp']
  ignore line: [/usr/bin/cmake -E cmake_progress_report /home/smi/Desktop/InzInformatyka/DynamicGestures/build/CMakeFiles/CMakeTmp/CMakeFiles 1]
  ignore line: [Building C object CMakeFiles/cmTryCompileExec3420695520.dir/CMakeCCompilerABI.c.o]
  ignore line: [/usr/bin/cc    -o CMakeFiles/cmTryCompileExec3420695520.dir/CMakeCCompilerABI.c.o   -c /usr/share/cmake-2.8/Modules/CMakeCCompilerABI.c]
  ignore line: [Linking C executable cmTryCompileExec3420695520]
  ignore line: [/usr/bin/cmake -E cmake_link_script CMakeFiles/cmTryCompileExec3420695520.dir/link.txt --verbose=1]
  ignore line: [/usr/bin/cc       -v CMakeFiles/cmTryCompileExec3420695520.dir/CMakeCCompilerABI.c.o  -o cmTryCompileExec3420695520 -rdynamic  ]
  ignore line: [Using built-in specs.]
  ignore line: [COLLECT_GCC=/usr/bin/cc]
  ignore line: [COLLECT_LTO_WRAPPER=/usr/lib/gcc/x86_64-unknown-linux-gnu/4.8.1/lto-wrapper]
  ignore line: [Target: x86_64-unknown-linux-gnu]
  ignore line: [Configured with: /build/gcc/src/gcc-4.8.1/configure --prefix=/usr --libdir=/usr/lib --libexecdir=/usr/lib --mandir=/usr/share/man --infodir=/usr/share/info --with-bugurl=https://bugs.archlinux.org/ --enable-languages=c,c++,ada,fortran,go,lto,objc,obj-c++ --enable-shared --enable-threads=posix --with-system-zlib --enable-__cxa_atexit --disable-libunwind-exceptions --enable-clocale=gnu --disable-libstdcxx-pch --enable-gnu-unique-object --enable-linker-build-id --enable-cloog-backend=isl --disable-cloog-version-check --enable-lto --enable-gold --enable-ld=default --enable-plugin --with-plugin-ld=ld.gold --with-linker-hash-style=gnu --disable-install-libiberty --disable-multilib --disable-libssp --disable-werror --enable-checking=release]
  ignore line: [Thread model: posix]
  ignore line: [gcc version 4.8.1 (GCC) ]
  ignore line: [COMPILER_PATH=/usr/lib/gcc/x86_64-unknown-linux-gnu/4.8.1/:/usr/lib/gcc/x86_64-unknown-linux-gnu/4.8.1/:/usr/lib/gcc/x86_64-unknown-linux-gnu/:/usr/lib/gcc/x86_64-unknown-linux-gnu/4.8.1/:/usr/lib/gcc/x86_64-unknown-linux-gnu/]
  ignore line: [LIBRARY_PATH=/usr/lib/gcc/x86_64-unknown-linux-gnu/4.8.1/:/usr/lib/gcc/x86_64-unknown-linux-gnu/4.8.1/../../../../lib/:/lib/../lib/:/usr/lib/../lib/:/usr/lib/gcc/x86_64-unknown-linux-gnu/4.8.1/../../../:/lib/:/usr/lib/]
  ignore line: [COLLECT_GCC_OPTIONS='-v' '-o' 'cmTryCompileExec3420695520' '-rdynamic' '-mtune=generic' '-march=x86-64']
  link line: [ /usr/lib/gcc/x86_64-unknown-linux-gnu/4.8.1/collect2 --build-id --eh-frame-hdr --hash-style=gnu -m elf_x86_64 -export-dynamic -dynamic-linker /lib64/ld-linux-x86-64.so.2 -o cmTryCompileExec3420695520 /usr/lib/gcc/x86_64-unknown-linux-gnu/4.8.1/../../../../lib/crt1.o /usr/lib/gcc/x86_64-unknown-linux-gnu/4.8.1/../../../../lib/crti.o /usr/lib/gcc/x86_64-unknown-linux-gnu/4.8.1/crtbegin.o -L/usr/lib/gcc/x86_64-unknown-linux-gnu/4.8.1 -L/usr/lib/gcc/x86_64-unknown-linux-gnu/4.8.1/../../../../lib -L/lib/../lib -L/usr/lib/../lib -L/usr/lib/gcc/x86_64-unknown-linux-gnu/4.8.1/../../.. CMakeFiles/cmTryCompileExec3420695520.dir/CMakeCCompilerABI.c.o -lgcc --as-needed -lgcc_s --no-as-needed -lc -lgcc --as-needed -lgcc_s --no-as-needed /usr/lib/gcc/x86_64-unknown-linux-gnu/4.8.1/crtend.o /usr/lib/gcc/x86_64-unknown-linux-gnu/4.8.1/../../../../lib/crtn.o]
    arg [/usr/lib/gcc/x86_64-unknown-linux-gnu/4.8.1/collect2] ==> ignore
    arg [--build-id] ==> ignore
    arg [--eh-frame-hdr] ==> ignore
    arg [--hash-style=gnu] ==> ignore
    arg [-m] ==> ignore
    arg [elf_x86_64] ==> ignore
    arg [-export-dynamic] ==> ignore
    arg [-dynamic-linker] ==> ignore
    arg [/lib64/ld-linux-x86-64.so.2] ==> ignore
    arg [-o] ==> ignore
    arg [cmTryCompileExec3420695520] ==> ignore
    arg [/usr/lib/gcc/x86_64-unknown-linux-gnu/4.8.1/../../../../lib/crt1.o] ==> ignore
    arg [/usr/lib/gcc/x86_64-unknown-linux-gnu/4.8.1/../../../../lib/crti.o] ==> ignore
    arg [/usr/lib/gcc/x86_64-unknown-linux-gnu/4.8.1/crtbegin.o] ==> ignore
    arg [-L/usr/lib/gcc/x86_64-unknown-linux-gnu/4.8.1] ==> dir [/usr/lib/gcc/x86_64-unknown-linux-gnu/4.8.1]
    arg [-L/usr/lib/gcc/x86_64-unknown-linux-gnu/4.8.1/../../../../lib] ==> dir [/usr/lib/gcc/x86_64-unknown-linux-gnu/4.8.1/../../../../lib]
    arg [-L/lib/../lib] ==> dir [/lib/../lib]
    arg [-L/usr/lib/../lib] ==> dir [/usr/lib/../lib]
    arg [-L/usr/lib/gcc/x86_64-unknown-linux-gnu/4.8.1/../../..] ==> dir [/usr/lib/gcc/x86_64-unknown-linux-gnu/4.8.1/../../..]
    arg [CMakeFiles/cmTryCompileExec3420695520.dir/CMakeCCompilerABI.c.o] ==> ignore
    arg [-lgcc] ==> lib [gcc]
    arg [--as-needed] ==> ignore
    arg [-lgcc_s] ==> lib [gcc_s]
    arg [--no-as-needed] ==> ignore
    arg [-lc] ==> lib [c]
    arg [-lgcc] ==> lib [gcc]
    arg [--as-needed] ==> ignore
    arg [-lgcc_s] ==> lib [gcc_s]
    arg [--no-as-needed] ==> ignore
    arg [/usr/lib/gcc/x86_64-unknown-linux-gnu/4.8.1/crtend.o] ==> ignore
    arg [/usr/lib/gcc/x86_64-unknown-linux-gnu/4.8.1/../../../../lib/crtn.o] ==> ignore
  remove lib [gcc]
  remove lib [gcc_s]
  remove lib [gcc]
  remove lib [gcc_s]
  collapse dir [/usr/lib/gcc/x86_64-unknown-linux-gnu/4.8.1] ==> [/usr/lib/gcc/x86_64-unknown-linux-gnu/4.8.1]
  collapse dir [/usr/lib/gcc/x86_64-unknown-linux-gnu/4.8.1/../../../../lib] ==> [/usr/lib]
  collapse dir [/lib/../lib] ==> [/lib]
  collapse dir [/usr/lib/../lib] ==> [/usr/lib]
  collapse dir [/usr/lib/gcc/x86_64-unknown-linux-gnu/4.8.1/../../..] ==> [/usr/lib]
  implicit libs: [c]
  implicit dirs: [/usr/lib/gcc/x86_64-unknown-linux-gnu/4.8.1;/usr/lib;/lib]


Determining if the CXX compiler works passed with the following output:
Change Dir: /home/smi/Desktop/InzInformatyka/DynamicGestures/build/CMakeFiles/CMakeTmp

Run Build Command:/usr/bin/make "cmTryCompileExec2875870190/fast"
/usr/bin/make -f CMakeFiles/cmTryCompileExec2875870190.dir/build.make CMakeFiles/cmTryCompileExec2875870190.dir/build
make[1]: Wejście do katalogu `/home/smi/Desktop/InzInformatyka/DynamicGestures/build/CMakeFiles/CMakeTmp'
/usr/bin/cmake -E cmake_progress_report /home/smi/Desktop/InzInformatyka/DynamicGestures/build/CMakeFiles/CMakeTmp/CMakeFiles 1
Building CXX object CMakeFiles/cmTryCompileExec2875870190.dir/testCXXCompiler.cxx.o
/usr/bin/c++     -o CMakeFiles/cmTryCompileExec2875870190.dir/testCXXCompiler.cxx.o -c /home/smi/Desktop/InzInformatyka/DynamicGestures/build/CMakeFiles/CMakeTmp/testCXXCompiler.cxx
Linking CXX executable cmTryCompileExec2875870190
/usr/bin/cmake -E cmake_link_script CMakeFiles/cmTryCompileExec2875870190.dir/link.txt --verbose=1
/usr/bin/c++          CMakeFiles/cmTryCompileExec2875870190.dir/testCXXCompiler.cxx.o  -o cmTryCompileExec2875870190 -rdynamic 
make[1]: Opuszczenie katalogu `/home/smi/Desktop/InzInformatyka/DynamicGestures/build/CMakeFiles/CMakeTmp'


Detecting CXX compiler ABI info compiled with the following output:
Change Dir: /home/smi/Desktop/InzInformatyka/DynamicGestures/build/CMakeFiles/CMakeTmp

Run Build Command:/usr/bin/make "cmTryCompileExec108147405/fast"
/usr/bin/make -f CMakeFiles/cmTryCompileExec108147405.dir/build.make CMakeFiles/cmTryCompileExec108147405.dir/build
make[1]: Wejście do katalogu `/home/smi/Desktop/InzInformatyka/DynamicGestures/build/CMakeFiles/CMakeTmp'
/usr/bin/cmake -E cmake_progress_report /home/smi/Desktop/InzInformatyka/DynamicGestures/build/CMakeFiles/CMakeTmp/CMakeFiles 1
Building CXX object CMakeFiles/cmTryCompileExec108147405.dir/CMakeCXXCompilerABI.cpp.o
/usr/bin/c++     -o CMakeFiles/cmTryCompileExec108147405.dir/CMakeCXXCompilerABI.cpp.o -c /usr/share/cmake-2.8/Modules/CMakeCXXCompilerABI.cpp
Linking CXX executable cmTryCompileExec108147405
/usr/bin/cmake -E cmake_link_script CMakeFiles/cmTryCompileExec108147405.dir/link.txt --verbose=1
/usr/bin/c++        -v CMakeFiles/cmTryCompileExec108147405.dir/CMakeCXXCompilerABI.cpp.o  -o cmTryCompileExec108147405 -rdynamic  
Using built-in specs.
COLLECT_GCC=/usr/bin/c++
COLLECT_LTO_WRAPPER=/usr/lib/gcc/x86_64-unknown-linux-gnu/4.8.1/lto-wrapper
Target: x86_64-unknown-linux-gnu
Configured with: /build/gcc/src/gcc-4.8.1/configure --prefix=/usr --libdir=/usr/lib --libexecdir=/usr/lib --mandir=/usr/share/man --infodir=/usr/share/info --with-bugurl=https://bugs.archlinux.org/ --enable-languages=c,c++,ada,fortran,go,lto,objc,obj-c++ --enable-shared --enable-threads=posix --with-system-zlib --enable-__cxa_atexit --disable-libunwind-exceptions --enable-clocale=gnu --disable-libstdcxx-pch --enable-gnu-unique-object --enable-linker-build-id --enable-cloog-backend=isl --disable-cloog-version-check --enable-lto --enable-gold --enable-ld=default --enable-plugin --with-plugin-ld=ld.gold --with-linker-hash-style=gnu --disable-install-libiberty --disable-multilib --disable-libssp --disable-werror --enable-checking=release
Thread model: posix
gcc version 4.8.1 (GCC) 
COMPILER_PATH=/usr/lib/gcc/x86_64-unknown-linux-gnu/4.8.1/:/usr/lib/gcc/x86_64-unknown-linux-gnu/4.8.1/:/usr/lib/gcc/x86_64-unknown-linux-gnu/:/usr/lib/gcc/x86_64-unknown-linux-gnu/4.8.1/:/usr/lib/gcc/x86_64-unknown-linux-gnu/
LIBRARY_PATH=/usr/lib/gcc/x86_64-unknown-linux-gnu/4.8.1/:/usr/lib/gcc/x86_64-unknown-linux-gnu/4.8.1/../../../../lib/:/lib/../lib/:/usr/lib/../lib/:/usr/lib/gcc/x86_64-unknown-linux-gnu/4.8.1/../../../:/lib/:/usr/lib/
COLLECT_GCC_OPTIONS='-v' '-o' 'cmTryCompileExec108147405' '-rdynamic' '-shared-libgcc' '-mtune=generic' '-march=x86-64'
 /usr/lib/gcc/x86_64-unknown-linux-gnu/4.8.1/collect2 --build-id --eh-frame-hdr --hash-style=gnu -m elf_x86_64 -export-dynamic -dynamic-linker /lib64/ld-linux-x86-64.so.2 -o cmTryCompileExec108147405 /usr/lib/gcc/x86_64-unknown-linux-gnu/4.8.1/../../../../lib/crt1.o /usr/lib/gcc/x86_64-unknown-linux-gnu/4.8.1/../../../../lib/crti.o /usr/lib/gcc/x86_64-unknown-linux-gnu/4.8.1/crtbegin.o -L/usr/lib/gcc/x86_64-unknown-linux-gnu/4.8.1 -L/usr/lib/gcc/x86_64-unknown-linux-gnu/4.8.1/../../../../lib -L/lib/../lib -L/usr/lib/../lib -L/usr/lib/gcc/x86_64-unknown-linux-gnu/4.8.1/../../.. CMakeFiles/cmTryCompileExec108147405.dir/CMakeCXXCompilerABI.cpp.o -lstdc++ -lm -lgcc_s -lgcc -lc -lgcc_s -lgcc /usr/lib/gcc/x86_64-unknown-linux-gnu/4.8.1/crtend.o /usr/lib/gcc/x86_64-unknown-linux-gnu/4.8.1/../../../../lib/crtn.o
make[1]: Opuszczenie katalogu `/home/smi/Desktop/InzInformatyka/DynamicGestures/build/CMakeFiles/CMakeTmp'


Parsed CXX implicit link information from above output:
  link line regex: [^( *|.*[/\])(ld|ld|collect2)[^/\]*( |$)]
  ignore line: [Change Dir: /home/smi/Desktop/InzInformatyka/DynamicGestures/build/CMakeFiles/CMakeTmp]
  ignore line: []
  ignore line: [Run Build Command:/usr/bin/make "cmTryCompileExec108147405/fast"]
  ignore line: [/usr/bin/make -f CMakeFiles/cmTryCompileExec108147405.dir/build.make CMakeFiles/cmTryCompileExec108147405.dir/build]
  ignore line: [make[1]: Wejście do katalogu `/home/smi/Desktop/InzInformatyka/DynamicGestures/build/CMakeFiles/CMakeTmp']
  ignore line: [/usr/bin/cmake -E cmake_progress_report /home/smi/Desktop/InzInformatyka/DynamicGestures/build/CMakeFiles/CMakeTmp/CMakeFiles 1]
  ignore line: [Building CXX object CMakeFiles/cmTryCompileExec108147405.dir/CMakeCXXCompilerABI.cpp.o]
  ignore line: [/usr/bin/c++     -o CMakeFiles/cmTryCompileExec108147405.dir/CMakeCXXCompilerABI.cpp.o -c /usr/share/cmake-2.8/Modules/CMakeCXXCompilerABI.cpp]
  ignore line: [Linking CXX executable cmTryCompileExec108147405]
  ignore line: [/usr/bin/cmake -E cmake_link_script CMakeFiles/cmTryCompileExec108147405.dir/link.txt --verbose=1]
  ignore line: [/usr/bin/c++        -v CMakeFiles/cmTryCompileExec108147405.dir/CMakeCXXCompilerABI.cpp.o  -o cmTryCompileExec108147405 -rdynamic  ]
  ignore line: [Using built-in specs.]
  ignore line: [COLLECT_GCC=/usr/bin/c++]
  ignore line: [COLLECT_LTO_WRAPPER=/usr/lib/gcc/x86_64-unknown-linux-gnu/4.8.1/lto-wrapper]
  ignore line: [Target: x86_64-unknown-linux-gnu]
  ignore line: [Configured with: /build/gcc/src/gcc-4.8.1/configure --prefix=/usr --libdir=/usr/lib --libexecdir=/usr/lib --mandir=/usr/share/man --infodir=/usr/share/info --with-bugurl=https://bugs.archlinux.org/ --enable-languages=c,c++,ada,fortran,go,lto,objc,obj-c++ --enable-shared --enable-threads=posix --with-system-zlib --enable-__cxa_atexit --disable-libunwind-exceptions --enable-clocale=gnu --disable-libstdcxx-pch --enable-gnu-unique-object --enable-linker-build-id --enable-cloog-backend=isl --disable-cloog-version-check --enable-lto --enable-gold --enable-ld=default --enable-plugin --with-plugin-ld=ld.gold --with-linker-hash-style=gnu --disable-install-libiberty --disable-multilib --disable-libssp --disable-werror --enable-checking=release]
  ignore line: [Thread model: posix]
  ignore line: [gcc version 4.8.1 (GCC) ]
  ignore line: [COMPILER_PATH=/usr/lib/gcc/x86_64-unknown-linux-gnu/4.8.1/:/usr/lib/gcc/x86_64-unknown-linux-gnu/4.8.1/:/usr/lib/gcc/x86_64-unknown-linux-gnu/:/usr/lib/gcc/x86_64-unknown-linux-gnu/4.8.1/:/usr/lib/gcc/x86_64-unknown-linux-gnu/]
  ignore line: [LIBRARY_PATH=/usr/lib/gcc/x86_64-unknown-linux-gnu/4.8.1/:/usr/lib/gcc/x86_64-unknown-linux-gnu/4.8.1/../../../../lib/:/lib/../lib/:/usr/lib/../lib/:/usr/lib/gcc/x86_64-unknown-linux-gnu/4.8.1/../../../:/lib/:/usr/lib/]
  ignore line: [COLLECT_GCC_OPTIONS='-v' '-o' 'cmTryCompileExec108147405' '-rdynamic' '-shared-libgcc' '-mtune=generic' '-march=x86-64']
  link line: [ /usr/lib/gcc/x86_64-unknown-linux-gnu/4.8.1/collect2 --build-id --eh-frame-hdr --hash-style=gnu -m elf_x86_64 -export-dynamic -dynamic-linker /lib64/ld-linux-x86-64.so.2 -o cmTryCompileExec108147405 /usr/lib/gcc/x86_64-unknown-linux-gnu/4.8.1/../../../../lib/crt1.o /usr/lib/gcc/x86_64-unknown-linux-gnu/4.8.1/../../../../lib/crti.o /usr/lib/gcc/x86_64-unknown-linux-gnu/4.8.1/crtbegin.o -L/usr/lib/gcc/x86_64-unknown-linux-gnu/4.8.1 -L/usr/lib/gcc/x86_64-unknown-linux-gnu/4.8.1/../../../../lib -L/lib/../lib -L/usr/lib/../lib -L/usr/lib/gcc/x86_64-unknown-linux-gnu/4.8.1/../../.. CMakeFiles/cmTryCompileExec108147405.dir/CMakeCXXCompilerABI.cpp.o -lstdc++ -lm -lgcc_s -lgcc -lc -lgcc_s -lgcc /usr/lib/gcc/x86_64-unknown-linux-gnu/4.8.1/crtend.o /usr/lib/gcc/x86_64-unknown-linux-gnu/4.8.1/../../../../lib/crtn.o]
    arg [/usr/lib/gcc/x86_64-unknown-linux-gnu/4.8.1/collect2] ==> ignore
    arg [--build-id] ==> ignore
    arg [--eh-frame-hdr] ==> ignore
    arg [--hash-style=gnu] ==> ignore
    arg [-m] ==> ignore
    arg [elf_x86_64] ==> ignore
    arg [-export-dynamic] ==> ignore
    arg [-dynamic-linker] ==> ignore
    arg [/lib64/ld-linux-x86-64.so.2] ==> ignore
    arg [-o] ==> ignore
    arg [cmTryCompileExec108147405] ==> ignore
    arg [/usr/lib/gcc/x86_64-unknown-linux-gnu/4.8.1/../../../../lib/crt1.o] ==> ignore
    arg [/usr/lib/gcc/x86_64-unknown-linux-gnu/4.8.1/../../../../lib/crti.o] ==> ignore
    arg [/usr/lib/gcc/x86_64-unknown-linux-gnu/4.8.1/crtbegin.o] ==> ignore
    arg [-L/usr/lib/gcc/x86_64-unknown-linux-gnu/4.8.1] ==> dir [/usr/lib/gcc/x86_64-unknown-linux-gnu/4.8.1]
    arg [-L/usr/lib/gcc/x86_64-unknown-linux-gnu/4.8.1/../../../../lib] ==> dir [/usr/lib/gcc/x86_64-unknown-linux-gnu/4.8.1/../../../../lib]
    arg [-L/lib/../lib] ==> dir [/lib/../lib]
    arg [-L/usr/lib/../lib] ==> dir [/usr/lib/../lib]
    arg [-L/usr/lib/gcc/x86_64-unknown-linux-gnu/4.8.1/../../..] ==> dir [/usr/lib/gcc/x86_64-unknown-linux-gnu/4.8.1/../../..]
    arg [CMakeFiles/cmTryCompileExec108147405.dir/CMakeCXXCompilerABI.cpp.o] ==> ignore
    arg [-lstdc++] ==> lib [stdc++]
    arg [-lm] ==> lib [m]
    arg [-lgcc_s] ==> lib [gcc_s]
    arg [-lgcc] ==> lib [gcc]
    arg [-lc] ==> lib [c]
    arg [-lgcc_s] ==> lib [gcc_s]
    arg [-lgcc] ==> lib [gcc]
    arg [/usr/lib/gcc/x86_64-unknown-linux-gnu/4.8.1/crtend.o] ==> ignore
    arg [/usr/lib/gcc/x86_64-unknown-linux-gnu/4.8.1/../../../../lib/crtn.o] ==> ignore
  remove lib [gcc_s]
  remove lib [gcc]
  remove lib [gcc_s]
  remove lib [gcc]
  collapse dir [/usr/lib/gcc/x86_64-unknown-linux-gnu/4.8.1] ==> [/usr/lib/gcc/x86_64-unknown-linux-gnu/4.8.1]
  collapse dir [/usr/lib/gcc/x86_64-unknown-linux-gnu/4.8.1/../../../../lib] ==> [/usr/lib]
  collapse dir [/lib/../lib] ==> [/lib]
  collapse dir [/usr/lib/../lib] ==> [/usr/lib]
  collapse dir [/usr/lib/gcc/x86_64-unknown-linux-gnu/4.8.1/../../..] ==> [/usr/lib]
  implicit libs: [stdc++;m;c]
  implicit dirs: [/usr/lib/gcc/x86_64-unknown-linux-gnu/4.8.1;/usr/lib;/lib]


Determining if the function XOpenDisplay exists in the /usr/lib64/libX11.so;/usr/lib64/libXext.so passed with the following output:
Change Dir: /home/smi/Desktop/InzInformatyka/DynamicGestures/build/CMakeFiles/CMakeTmp

Run Build Command:/usr/bin/make "cmTryCompileExec3790451843/fast"
/usr/bin/make -f CMakeFiles/cmTryCompileExec3790451843.dir/build.make CMakeFiles/cmTryCompileExec3790451843.dir/build
make[1]: Wejście do katalogu `/home/smi/Desktop/InzInformatyka/DynamicGestures/build/CMakeFiles/CMakeTmp'
/usr/bin/cmake -E cmake_progress_report /home/smi/Desktop/InzInformatyka/DynamicGestures/build/CMakeFiles/CMakeTmp/CMakeFiles 1
Building C object CMakeFiles/cmTryCompileExec3790451843.dir/CheckFunctionExists.c.o
/usr/bin/cc   -DCHECK_FUNCTION_EXISTS=XOpenDisplay   -o CMakeFiles/cmTryCompileExec3790451843.dir/CheckFunctionExists.c.o   -c /usr/share/cmake-2.8/Modules/CheckFunctionExists.c
Linking C executable cmTryCompileExec3790451843
/usr/bin/cmake -E cmake_link_script CMakeFiles/cmTryCompileExec3790451843.dir/link.txt --verbose=1
/usr/bin/cc     -DCHECK_FUNCTION_EXISTS=XOpenDisplay    CMakeFiles/cmTryCompileExec3790451843.dir/CheckFunctionExists.c.o  -o cmTryCompileExec3790451843 -rdynamic -lX11 -lXext 
make[1]: Opuszczenie katalogu `/home/smi/Desktop/InzInformatyka/DynamicGestures/build/CMakeFiles/CMakeTmp'


Determining if the function gethostbyname exists passed with the following output:
Change Dir: /home/smi/Desktop/InzInformatyka/DynamicGestures/build/CMakeFiles/CMakeTmp

Run Build Command:/usr/bin/make "cmTryCompileExec4153743094/fast"
/usr/bin/make -f CMakeFiles/cmTryCompileExec4153743094.dir/build.make CMakeFiles/cmTryCompileExec4153743094.dir/build
make[1]: Wejście do katalogu `/home/smi/Desktop/InzInformatyka/DynamicGestures/build/CMakeFiles/CMakeTmp'
/usr/bin/cmake -E cmake_progress_report /home/smi/Desktop/InzInformatyka/DynamicGestures/build/CMakeFiles/CMakeTmp/CMakeFiles 1
Building C object CMakeFiles/cmTryCompileExec4153743094.dir/CheckFunctionExists.c.o
/usr/bin/cc   -DCHECK_FUNCTION_EXISTS=gethostbyname   -o CMakeFiles/cmTryCompileExec4153743094.dir/CheckFunctionExists.c.o   -c /usr/share/cmake-2.8/Modules/CheckFunctionExists.c
Linking C executable cmTryCompileExec4153743094
/usr/bin/cmake -E cmake_link_script CMakeFiles/cmTryCompileExec4153743094.dir/link.txt --verbose=1
/usr/bin/cc     -DCHECK_FUNCTION_EXISTS=gethostbyname    CMakeFiles/cmTryCompileExec4153743094.dir/CheckFunctionExists.c.o  -o cmTryCompileExec4153743094 -rdynamic 
make[1]: Opuszczenie katalogu `/home/smi/Desktop/InzInformatyka/DynamicGestures/build/CMakeFiles/CMakeTmp'


Determining if the function connect exists passed with the following output:
Change Dir: /home/smi/Desktop/InzInformatyka/DynamicGestures/build/CMakeFiles/CMakeTmp

Run Build Command:/usr/bin/make "cmTryCompileExec2351408195/fast"
/usr/bin/make -f CMakeFiles/cmTryCompileExec2351408195.dir/build.make CMakeFiles/cmTryCompileExec2351408195.dir/build
make[1]: Wejście do katalogu `/home/smi/Desktop/InzInformatyka/DynamicGestures/build/CMakeFiles/CMakeTmp'
/usr/bin/cmake -E cmake_progress_report /home/smi/Desktop/InzInformatyka/DynamicGestures/build/CMakeFiles/CMakeTmp/CMakeFiles 1
Building C object CMakeFiles/cmTryCompileExec2351408195.dir/CheckFunctionExists.c.o
/usr/bin/cc   -DCHECK_FUNCTION_EXISTS=connect   -o CMakeFiles/cmTryCompileExec2351408195.dir/CheckFunctionExists.c.o   -c /usr/share/cmake-2.8/Modules/CheckFunctionExists.c
Linking C executable cmTryCompileExec2351408195
/usr/bin/cmake -E cmake_link_script CMakeFiles/cmTryCompileExec2351408195.dir/link.txt --verbose=1
/usr/bin/cc     -DCHECK_FUNCTION_EXISTS=connect    CMakeFiles/cmTryCompileExec2351408195.dir/CheckFunctionExists.c.o  -o cmTryCompileExec2351408195 -rdynamic 
make[1]: Opuszczenie katalogu `/home/smi/Desktop/InzInformatyka/DynamicGestures/build/CMakeFiles/CMakeTmp'


Determining if the function remove exists passed with the following output:
Change Dir: /home/smi/Desktop/InzInformatyka/DynamicGestures/build/CMakeFiles/CMakeTmp

Run Build Command:/usr/bin/make "cmTryCompileExec889704777/fast"
/usr/bin/make -f CMakeFiles/cmTryCompileExec889704777.dir/build.make CMakeFiles/cmTryCompileExec889704777.dir/build
make[1]: Wejście do katalogu `/home/smi/Desktop/InzInformatyka/DynamicGestures/build/CMakeFiles/CMakeTmp'
/usr/bin/cmake -E cmake_progress_report /home/smi/Desktop/InzInformatyka/DynamicGestures/build/CMakeFiles/CMakeTmp/CMakeFiles 1
Building C object CMakeFiles/cmTryCompileExec889704777.dir/CheckFunctionExists.c.o
/usr/bin/cc   -DCHECK_FUNCTION_EXISTS=remove   -o CMakeFiles/cmTryCompileExec889704777.dir/CheckFunctionExists.c.o   -c /usr/share/cmake-2.8/Modules/CheckFunctionExists.c
Linking C executable cmTryCompileExec889704777
/usr/bin/cmake -E cmake_link_script CMakeFiles/cmTryCompileExec889704777.dir/link.txt --verbose=1
/usr/bin/cc     -DCHECK_FUNCTION_EXISTS=remove    CMakeFiles/cmTryCompileExec889704777.dir/CheckFunctionExists.c.o  -o cmTryCompileExec889704777 -rdynamic 
make[1]: Opuszczenie katalogu `/home/smi/Desktop/InzInformatyka/DynamicGestures/build/CMakeFiles/CMakeTmp'


Determining if the function shmat exists passed with the following output:
Change Dir: /home/smi/Desktop/InzInformatyka/DynamicGestures/build/CMakeFiles/CMakeTmp

Run Build Command:/usr/bin/make "cmTryCompileExec775931686/fast"
/usr/bin/make -f CMakeFiles/cmTryCompileExec775931686.dir/build.make CMakeFiles/cmTryCompileExec775931686.dir/build
make[1]: Wejście do katalogu `/home/smi/Desktop/InzInformatyka/DynamicGestures/build/CMakeFiles/CMakeTmp'
/usr/bin/cmake -E cmake_progress_report /home/smi/Desktop/InzInformatyka/DynamicGestures/build/CMakeFiles/CMakeTmp/CMakeFiles 1
Building C object CMakeFiles/cmTryCompileExec775931686.dir/CheckFunctionExists.c.o
/usr/bin/cc   -DCHECK_FUNCTION_EXISTS=shmat   -o CMakeFiles/cmTryCompileExec775931686.dir/CheckFunctionExists.c.o   -c /usr/share/cmake-2.8/Modules/CheckFunctionExists.c
Linking C executable cmTryCompileExec775931686
/usr/bin/cmake -E cmake_link_script CMakeFiles/cmTryCompileExec775931686.dir/link.txt --verbose=1
/usr/bin/cc     -DCHECK_FUNCTION_EXISTS=shmat    CMakeFiles/cmTryCompileExec775931686.dir/CheckFunctionExists.c.o  -o cmTryCompileExec775931686 -rdynamic 
make[1]: Opuszczenie katalogu `/home/smi/Desktop/InzInformatyka/DynamicGestures/build/CMakeFiles/CMakeTmp'


Determining if the function IceConnectionNumber exists in the ICE passed with the following output:
Change Dir: /home/smi/Desktop/InzInformatyka/DynamicGestures/build/CMakeFiles/CMakeTmp

Run Build Command:/usr/bin/make "cmTryCompileExec972428763/fast"
/usr/bin/make -f CMakeFiles/cmTryCompileExec972428763.dir/build.make CMakeFiles/cmTryCompileExec972428763.dir/build
make[1]: Wejście do katalogu `/home/smi/Desktop/InzInformatyka/DynamicGestures/build/CMakeFiles/CMakeTmp'
/usr/bin/cmake -E cmake_progress_report /home/smi/Desktop/InzInformatyka/DynamicGestures/build/CMakeFiles/CMakeTmp/CMakeFiles 1
Building C object CMakeFiles/cmTryCompileExec972428763.dir/CheckFunctionExists.c.o
/usr/bin/cc   -DCHECK_FUNCTION_EXISTS=IceConnectionNumber   -o CMakeFiles/cmTryCompileExec972428763.dir/CheckFunctionExists.c.o   -c /usr/share/cmake-2.8/Modules/CheckFunctionExists.c
Linking C executable cmTryCompileExec972428763
/usr/bin/cmake -E cmake_link_script CMakeFiles/cmTryCompileExec972428763.dir/link.txt --verbose=1
/usr/bin/cc     -DCHECK_FUNCTION_EXISTS=IceConnectionNumber    CMakeFiles/cmTryCompileExec972428763.dir/CheckFunctionExists.c.o  -o cmTryCompileExec972428763 -rdynamic -lICE 
make[1]: Opuszczenie katalogu `/home/smi/Desktop/InzInformatyka/DynamicGestures/build/CMakeFiles/CMakeTmp'


Determining if the include file sys/types.h exists passed with the following output:
Change Dir: /home/smi/Desktop/InzInformatyka/DynamicGestures/build/CMakeFiles/CMakeTmp

Run Build Command:/usr/bin/make "cmTryCompileExec3516873449/fast"
/usr/bin/make -f CMakeFiles/cmTryCompileExec3516873449.dir/build.make CMakeFiles/cmTryCompileExec3516873449.dir/build
make[1]: Wejście do katalogu `/home/smi/Desktop/InzInformatyka/DynamicGestures/build/CMakeFiles/CMakeTmp'
/usr/bin/cmake -E cmake_progress_report /home/smi/Desktop/InzInformatyka/DynamicGestures/build/CMakeFiles/CMakeTmp/CMakeFiles 1
Building C object CMakeFiles/cmTryCompileExec3516873449.dir/CheckIncludeFile.c.o
/usr/bin/cc    -o CMakeFiles/cmTryCompileExec3516873449.dir/CheckIncludeFile.c.o   -c /home/smi/Desktop/InzInformatyka/DynamicGestures/build/CMakeFiles/CMakeTmp/CheckIncludeFile.c
Linking C executable cmTryCompileExec3516873449
/usr/bin/cmake -E cmake_link_script CMakeFiles/cmTryCompileExec3516873449.dir/link.txt --verbose=1
/usr/bin/cc         CMakeFiles/cmTryCompileExec3516873449.dir/CheckIncludeFile.c.o  -o cmTryCompileExec3516873449 -rdynamic 
make[1]: Opuszczenie katalogu `/home/smi/Desktop/InzInformatyka/DynamicGestures/build/CMakeFiles/CMakeTmp'


Determining if the include file stdint.h exists passed with the following output:
Change Dir: /home/smi/Desktop/InzInformatyka/DynamicGestures/build/CMakeFiles/CMakeTmp

Run Build Command:/usr/bin/make "cmTryCompileExec2939525454/fast"
/usr/bin/make -f CMakeFiles/cmTryCompileExec2939525454.dir/build.make CMakeFiles/cmTryCompileExec2939525454.dir/build
make[1]: Wejście do katalogu `/home/smi/Desktop/InzInformatyka/DynamicGestures/build/CMakeFiles/CMakeTmp'
/usr/bin/cmake -E cmake_progress_report /home/smi/Desktop/InzInformatyka/DynamicGestures/build/CMakeFiles/CMakeTmp/CMakeFiles 1
Building C object CMakeFiles/cmTryCompileExec2939525454.dir/CheckIncludeFile.c.o
/usr/bin/cc    -o CMakeFiles/cmTryCompileExec2939525454.dir/CheckIncludeFile.c.o   -c /home/smi/Desktop/InzInformatyka/DynamicGestures/build/CMakeFiles/CMakeTmp/CheckIncludeFile.c
Linking C executable cmTryCompileExec2939525454
/usr/bin/cmake -E cmake_link_script CMakeFiles/cmTryCompileExec2939525454.dir/link.txt --verbose=1
/usr/bin/cc         CMakeFiles/cmTryCompileExec2939525454.dir/CheckIncludeFile.c.o  -o cmTryCompileExec2939525454 -rdynamic 
make[1]: Opuszczenie katalogu `/home/smi/Desktop/InzInformatyka/DynamicGestures/build/CMakeFiles/CMakeTmp'


Determining if the include file stddef.h exists passed with the following output:
Change Dir: /home/smi/Desktop/InzInformatyka/DynamicGestures/build/CMakeFiles/CMakeTmp

Run Build Command:/usr/bin/make "cmTryCompileExec2873083865/fast"
/usr/bin/make -f CMakeFiles/cmTryCompileExec2873083865.dir/build.make CMakeFiles/cmTryCompileExec2873083865.dir/build
make[1]: Wejście do katalogu `/home/smi/Desktop/InzInformatyka/DynamicGestures/build/CMakeFiles/CMakeTmp'
/usr/bin/cmake -E cmake_progress_report /home/smi/Desktop/InzInformatyka/DynamicGestures/build/CMakeFiles/CMakeTmp/CMakeFiles 1
Building C object CMakeFiles/cmTryCompileExec2873083865.dir/CheckIncludeFile.c.o
/usr/bin/cc    -o CMakeFiles/cmTryCompileExec2873083865.dir/CheckIncludeFile.c.o   -c /home/smi/Desktop/InzInformatyka/DynamicGestures/build/CMakeFiles/CMakeTmp/CheckIncludeFile.c
Linking C executable cmTryCompileExec2873083865
/usr/bin/cmake -E cmake_link_script CMakeFiles/cmTryCompileExec2873083865.dir/link.txt --verbose=1
/usr/bin/cc         CMakeFiles/cmTryCompileExec2873083865.dir/CheckIncludeFile.c.o  -o cmTryCompileExec2873083865 -rdynamic 
make[1]: Opuszczenie katalogu `/home/smi/Desktop/InzInformatyka/DynamicGestures/build/CMakeFiles/CMakeTmp'


Determining size of void* passed with the following output:
Change Dir: /home/smi/Desktop/InzInformatyka/DynamicGestures/build/CMakeFiles/CMakeTmp

Run Build Command:/usr/bin/make "cmTryCompileExec207454959/fast"
/usr/bin/make -f CMakeFiles/cmTryCompileExec207454959.dir/build.make CMakeFiles/cmTryCompileExec207454959.dir/build
make[1]: Wejście do katalogu `/home/smi/Desktop/InzInformatyka/DynamicGestures/build/CMakeFiles/CMakeTmp'
/usr/bin/cmake -E cmake_progress_report /home/smi/Desktop/InzInformatyka/DynamicGestures/build/CMakeFiles/CMakeTmp/CMakeFiles 1
Building C object CMakeFiles/cmTryCompileExec207454959.dir/SIZE_OF_VOID_PTR.c.o
/usr/bin/cc    -o CMakeFiles/cmTryCompileExec207454959.dir/SIZE_OF_VOID_PTR.c.o   -c /home/smi/Desktop/InzInformatyka/DynamicGestures/build/CMakeFiles/CheckTypeSize/SIZE_OF_VOID_PTR.c
Linking C executable cmTryCompileExec207454959
/usr/bin/cmake -E cmake_link_script CMakeFiles/cmTryCompileExec207454959.dir/link.txt --verbose=1
/usr/bin/cc         CMakeFiles/cmTryCompileExec207454959.dir/SIZE_OF_VOID_PTR.c.o  -o cmTryCompileExec207454959 -rdynamic 
make[1]: Opuszczenie katalogu `/home/smi/Desktop/InzInformatyka/DynamicGestures/build/CMakeFiles/CMakeTmp'


Determining if the CXX compiler has std namespace passed with the following output:
Change Dir: /home/smi/Desktop/InzInformatyka/DynamicGestures/build/CMakeFiles/CMakeTmp

Run Build Command:/usr/bin/make "cmTryCompileExec3815553540/fast"
/usr/bin/make -f CMakeFiles/cmTryCompileExec3815553540.dir/build.make CMakeFiles/cmTryCompileExec3815553540.dir/build
make[1]: Wejście do katalogu `/home/smi/Desktop/InzInformatyka/DynamicGestures/build/CMakeFiles/CMakeTmp'
/usr/bin/cmake -E cmake_progress_report /home/smi/Desktop/InzInformatyka/DynamicGestures/build/CMakeFiles/CMakeTmp/CMakeFiles 1
Building CXX object CMakeFiles/cmTryCompileExec3815553540.dir/TestForSTDNamespace.cxx.o
/usr/bin/c++     -o CMakeFiles/cmTryCompileExec3815553540.dir/TestForSTDNamespace.cxx.o -c /usr/share/cmake-2.8/Modules/TestForSTDNamespace.cxx
Linking CXX executable cmTryCompileExec3815553540
/usr/bin/cmake -E cmake_link_script CMakeFiles/cmTryCompileExec3815553540.dir/link.txt --verbose=1
/usr/bin/c++          CMakeFiles/cmTryCompileExec3815553540.dir/TestForSTDNamespace.cxx.o  -o cmTryCompileExec3815553540 -rdynamic 
make[1]: Opuszczenie katalogu `/home/smi/Desktop/InzInformatyka/DynamicGestures/build/CMakeFiles/CMakeTmp'


Determining if the include file iostream exists passed with the following output:
Change Dir: /home/smi/Desktop/InzInformatyka/DynamicGestures/build/CMakeFiles/CMakeTmp

Run Build Command:/usr/bin/make "cmTryCompileExec795511573/fast"
/usr/bin/make -f CMakeFiles/cmTryCompileExec795511573.dir/build.make CMakeFiles/cmTryCompileExec795511573.dir/build
make[1]: Wejście do katalogu `/home/smi/Desktop/InzInformatyka/DynamicGestures/build/CMakeFiles/CMakeTmp'
/usr/bin/cmake -E cmake_progress_report /home/smi/Desktop/InzInformatyka/DynamicGestures/build/CMakeFiles/CMakeTmp/CMakeFiles 1
Building CXX object CMakeFiles/cmTryCompileExec795511573.dir/CheckIncludeFile.cxx.o
/usr/bin/c++     -o CMakeFiles/cmTryCompileExec795511573.dir/CheckIncludeFile.cxx.o -c /home/smi/Desktop/InzInformatyka/DynamicGestures/build/CMakeFiles/CMakeTmp/CheckIncludeFile.cxx
Linking CXX executable cmTryCompileExec795511573
/usr/bin/cmake -E cmake_link_script CMakeFiles/cmTryCompileExec795511573.dir/link.txt --verbose=1
/usr/bin/c++          CMakeFiles/cmTryCompileExec795511573.dir/CheckIncludeFile.cxx.o  -o cmTryCompileExec795511573 -rdynamic 
make[1]: Opuszczenie katalogu `/home/smi/Desktop/InzInformatyka/DynamicGestures/build/CMakeFiles/CMakeTmp'


